<?xml version="1.0" encoding="UTF-8"?>
<!-- Generated by org.testng.reporters.JUnitXMLReporter -->
<testsuite hostname="E0473750" name="Regression Test Chrome" tests="1" failures="1" timestamp="2 May 2019 09:04:00 GMT" time="0.033" errors="0">
  <testcase name="@AfterMethod TakeScreenShotWhenFailure" time="0.0" classname="tests.RegisterationTestWithFakerJavaParallel">
    <failure type="java.lang.NullPointerException">
      <![CDATA[java.lang.NullPointerException
	at tests.testbaseParallel.getDriver(testbaseParallel.java:44)
	at tests.testbaseParallel.TakeScreenShotWhenFailure(testbaseParallel.java:61)
... Removed 26 stack frames]]>
    </failure>
  </testcase> <!-- @AfterMethod TakeScreenShotWhenFailure -->
  <testcase name="UserCanRegister" time="0.008" classname="tests.RegisterationTestWithFakerJavaParallel">
    <failure type="java.lang.NullPointerException">
      <![CDATA[java.lang.NullPointerException
	at tests.testbaseParallel.getDriver(testbaseParallel.java:44)
	at tests.RegisterationTestWithFakerJavaParallel.UserCanRegister(RegisterationTestWithFakerJavaParallel.java:26)
... Removed 24 stack frames]]>
    </failure>
  </testcase> <!-- UserCanRegister -->
</testsuite> <!-- Regression Test Chrome -->
