<?xml version="1.0" encoding="UTF-8"?>
<testsuite xmlns:xsi="http://www.w3.org/2001/XMLSchema-instance" xsi:noNamespaceSchemaLocation="https://maven.apache.org/surefire/maven-surefire-plugin/xsd/surefire-test-report-3.0.xsd" version="3.0" name="TestSuite" time="26.36" tests="16" errors="0" skipped="0" failures="16">
  <properties>
[...]
</properties>
  <testcase name="UserCanRegister" classname="tests.RegisterationTest" time="12.08">
    <failure message="Cannot locate an element using css selector=div.result&#10;For documentation on this error, please visit: https://www.seleniumhq.org/exceptions/no_such_element.html&#10;Build info: version: &apos;3.141.59&apos;, revision: &apos;e82be7d358&apos;, time: &apos;2018-11-14T08:17:03&apos;&#10;System info: host: &apos;E0473750&apos;, ip: &apos;192.168.1.5&apos;, os.name: &apos;Windows 10&apos;, os.arch: &apos;amd64&apos;, os.version: &apos;10.0&apos;, java.version: &apos;1.8.0_201&apos;&#10;Driver info: driver.version: RemoteWebDriver" type="org.openqa.selenium.NoSuchElementException">org.openqa.selenium.NoSuchElementException: 
Cannot locate an element using css selector=div.result
For documentation on this error, please visit: https://www.seleniumhq.org/exceptions/no_such_element.html
Build info: version: '3.141.59', revision: 'e82be7d358', time: '2018-11-14T08:17:03'
System info: host: 'E0473750', ip: '192.168.1.5', os.name: 'Windows 10', os.arch: 'amd64', os.version: '10.0', java.version: '1.8.0_201'
Driver info: driver.version: RemoteWebDriver
	at tests.RegisterationTest.UserCanRegister(RegisterationTest.java:16)
</failure>
    <system-err><![CDATA[Starting ChromeDriver 2.45.615291 (ec3682e3c9061c10f26ea9e5cdcf3c53f3f74387) on port 2506
Only local connections are allowed.
Apr 21, 2019 5:54:35 PM org.openqa.selenium.remote.ProtocolHandshake createSession
INFO: Detected dialect: OSS
]]></system-err>
  </testcase>
  <testcase name="TakeScreenShotWhenFailure" classname="tests.RegisterationTest" time="12.135">
    <failure message="no such window: target window already closed&#10;from unknown error: web view not found&#10;  (Session info: chrome=73.0.3683.103)&#10;  (Driver info: chromedriver=2.45.615291 (ec3682e3c9061c10f26ea9e5cdcf3c53f3f74387),platform=Windows NT 10.0.16299 x86_64) (WARNING: The server did not provide any stacktrace information)&#10;Command duration or timeout: 0 milliseconds&#10;Build info: version: &apos;3.141.59&apos;, revision: &apos;e82be7d358&apos;, time: &apos;2018-11-14T08:17:03&apos;&#10;System info: host: &apos;E0473750&apos;, ip: &apos;192.168.1.5&apos;, os.name: &apos;Windows 10&apos;, os.arch: &apos;amd64&apos;, os.version: &apos;10.0&apos;, java.version: &apos;1.8.0_201&apos;&#10;Driver info: org.openqa.selenium.chrome.ChromeDriver&#10;Capabilities {acceptInsecureCerts: false, acceptSslCerts: false, applicationCacheEnabled: false, browserConnectionEnabled: false, browserName: chrome, chrome: {chromedriverVersion: 2.45.615291 (ec3682e3c9061c..., userDataDir: C:\Users\AfifiA2\AppData\Lo...}, cssSelectorsEnabled: true, databaseEnabled: false, goog:chromeOptions: {debuggerAddress: localhost:52209}, handlesAlerts: true, hasTouchScreen: false, javascriptEnabled: true, locationContextEnabled: true, mobileEmulationEnabled: false, nativeEvents: true, networkConnectionEnabled: false, pageLoadStrategy: normal, platform: XP, platformName: XP, proxy: Proxy(), rotatable: false, setWindowRect: true, strictFileInteractability: false, takesHeapSnapshot: true, takesScreenshot: true, timeouts: {implicit: 0, pageLoad: 300000, script: 30000}, unexpectedAlertBehaviour: ignore, unhandledPromptBehavior: ignore, version: 73.0.3683.103, webStorageEnabled: true}&#10;Session ID: e6b4b8cec0a4e834a32e15c46b0eba93" type="org.openqa.selenium.NoSuchWindowException">org.openqa.selenium.NoSuchWindowException: 
no such window: target window already closed
from unknown error: web view not found
  (Session info: chrome=73.0.3683.103)
  (Driver info: chromedriver=2.45.615291 (ec3682e3c9061c10f26ea9e5cdcf3c53f3f74387),platform=Windows NT 10.0.16299 x86_64) (WARNING: The server did not provide any stacktrace information)
Command duration or timeout: 0 milliseconds
Build info: version: '3.141.59', revision: 'e82be7d358', time: '2018-11-14T08:17:03'
System info: host: 'E0473750', ip: '192.168.1.5', os.name: 'Windows 10', os.arch: 'amd64', os.version: '10.0', java.version: '1.8.0_201'
Driver info: org.openqa.selenium.chrome.ChromeDriver
Capabilities {acceptInsecureCerts: false, acceptSslCerts: false, applicationCacheEnabled: false, browserConnectionEnabled: false, browserName: chrome, chrome: {chromedriverVersion: 2.45.615291 (ec3682e3c9061c..., userDataDir: C:\Users\AfifiA2\AppData\Lo...}, cssSelectorsEnabled: true, databaseEnabled: false, goog:chromeOptions: {debuggerAddress: localhost:52209}, handlesAlerts: true, hasTouchScreen: false, javascriptEnabled: true, locationContextEnabled: true, mobileEmulationEnabled: false, nativeEvents: true, networkConnectionEnabled: false, pageLoadStrategy: normal, platform: XP, platformName: XP, proxy: Proxy(), rotatable: false, setWindowRect: true, strictFileInteractability: false, takesHeapSnapshot: true, takesScreenshot: true, timeouts: {implicit: 0, pageLoad: 300000, script: 30000}, unexpectedAlertBehaviour: ignore, unhandledPromptBehavior: ignore, version: 73.0.3683.103, webStorageEnabled: true}
Session ID: e6b4b8cec0a4e834a32e15c46b0eba93
</failure>
    <system-out><![CDATA[Failed
Taking Screenshot....
]]></system-out>
  </testcase>
  <testcase name="ContactUs" classname="tests.ContactUsTest" time="0">
    <failure type="java.lang.NullPointerException">java.lang.NullPointerException
	at tests.ContactUsTest.ContactUs(ContactUsTest.java:13)
</failure>
  </testcase>
  <testcase name="TakeScreenShotWhenFailure" classname="tests.ContactUsTest" time="0.005">
    <failure type="java.lang.NullPointerException">java.lang.NullPointerException
</failure>
    <system-out><![CDATA[Failed
Taking Screenshot....
]]></system-out>
  </testcase>
  <testcase name="ProductSearch" classname="tests.SearchProduct" time="0.015">
    <failure type="java.lang.NullPointerException">java.lang.NullPointerException
	at tests.SearchProduct.ProductSearch(SearchProduct.java:18)
</failure>
  </testcase>
  <testcase name="TakeScreenShotWhenFailure" classname="tests.SearchProduct" time="0.02">
    <failure type="java.lang.NullPointerException">java.lang.NullPointerException
</failure>
    <system-out><![CDATA[Failed
Taking Screenshot....
]]></system-out>
  </testcase>
  <testcase name="ChangeProductCurrency" classname="tests.ChangeCurrency" time="0.005">
    <failure type="java.lang.NullPointerException">java.lang.NullPointerException
	at tests.ChangeCurrency.ChangeProductCurrency(ChangeCurrency.java:16)
</failure>
  </testcase>
  <testcase name="TakeScreenShotWhenFailure" classname="tests.ChangeCurrency" time="0.01">
    <failure type="java.lang.NullPointerException">java.lang.NullPointerException
</failure>
    <system-out><![CDATA[Failed
Taking Screenshot....
]]></system-out>
  </testcase>
  <testcase name="OpenNotebooksByHover" classname="tests.OpenNotebooks" time="0">
    <failure type="java.lang.NullPointerException">java.lang.NullPointerException
	at tests.OpenNotebooks.OpenNotebooksByHover(OpenNotebooks.java:17)
</failure>
  </testcase>
  <testcase name="TakeScreenShotWhenFailure" classname="tests.OpenNotebooks" time="0.005">
    <failure type="java.lang.NullPointerException">java.lang.NullPointerException
</failure>
    <system-out><![CDATA[Failed
Taking Screenshot....
]]></system-out>
  </testcase>
  <testcase name="SendFriendEmail" classname="tests.SendFriendEmailTest" time="0">
    <failure type="java.lang.NullPointerException">java.lang.NullPointerException
	at tests.SendFriendEmailTest.SendFriendEmail(SendFriendEmailTest.java:16)
</failure>
  </testcase>
  <testcase name="TakeScreenShotWhenFailure" classname="tests.SendFriendEmailTest" time="0.005">
    <failure type="java.lang.NullPointerException">java.lang.NullPointerException
</failure>
    <system-out><![CDATA[Failed
Taking Screenshot....
]]></system-out>
  </testcase>
  <testcase name="AddingReviewing" classname="tests.AddingReviewTest" time="0">
    <failure type="java.lang.NullPointerException">java.lang.NullPointerException
	at tests.AddingReviewTest.AddingReviewing(AddingReviewTest.java:16)
</failure>
  </testcase>
  <testcase name="TakeScreenShotWhenFailure" classname="tests.AddingReviewTest" time="0.01">
    <failure type="java.lang.NullPointerException">java.lang.NullPointerException
</failure>
    <system-out><![CDATA[Failed
Taking Screenshot....
]]></system-out>
  </testcase>
  <testcase name="ChangePassword" classname="tests.ChangePasswordTest" time="0">
    <failure type="java.lang.NullPointerException">java.lang.NullPointerException
	at tests.ChangePasswordTest.ChangePassword(ChangePasswordTest.java:29)
</failure>
  </testcase>
  <testcase name="TakeScreenShotWhenFailure" classname="tests.ChangePasswordTest" time="0.005">
    <failure type="java.lang.NullPointerException">java.lang.NullPointerException
</failure>
    <system-out><![CDATA[Failed
Taking Screenshot....
]]></system-out>
  </testcase>
</testsuite>