<?xml version="1.0" encoding="UTF-8"?>
<testng-results skipped="0" failed="0" total="2" passed="2">
  <reporter-output>
  </reporter-output>
  <suite name="Suite" duration-ms="46904" started-at="2020-03-21T21:11:46Z" finished-at="2020-03-21T21:12:33Z">
    <groups>
    </groups>
    <test name="Test" duration-ms="46904" started-at="2020-03-21T21:11:46Z" finished-at="2020-03-21T21:12:33Z">
      <class name="tests.TC2_API_Automation">
        <test-method status="PASS" signature="TC2_API_facts_random()[pri:0, instance:tests.TC2_API_Automation@6500df86]" name="TC2_API_facts_random" duration-ms="3329" started-at="2020-03-21T23:12:29Z" finished-at="2020-03-21T23:12:33Z">
          <reporter-output>
          </reporter-output>
        </test-method> <!-- TC2_API_facts_random -->
        <test-method status="PASS" signature="TakeScreenShotWhenFailure(org.testng.ITestResult)[pri:0, instance:tests.TC2_API_Automation@6500df86]" name="TakeScreenShotWhenFailure" is-config="true" duration-ms="0" started-at="2020-03-21T23:12:33Z" finished-at="2020-03-21T23:12:33Z">
          <params>
            <param index="0">
              <value>
                <![CDATA[[TestResult name=TC2_API_facts_random status=SUCCESS method=TC2_API_Automation.TC2_API_facts_random()[pri:0, instance:tests.TC2_API_Automation@6500df86] output={null}]]]>
              </value>
            </param>
          </params>
          <reporter-output>
          </reporter-output>
        </test-method> <!-- TakeScreenShotWhenFailure -->
      </class> <!-- tests.TC2_API_Automation -->
      <class name="tests.TC1_Search">
        <test-method status="PASS" signature="StartDriver()[pri:0, instance:tests.TC1_Search@42dafa95]" name="StartDriver" is-config="true" duration-ms="8803" started-at="2020-03-21T23:11:37Z" finished-at="2020-03-21T23:11:46Z">
          <reporter-output>
          </reporter-output>
        </test-method> <!-- StartDriver -->
        <test-method status="PASS" signature="TC1_GoogleSearch(java.lang.String, java.lang.String)[pri:0, instance:tests.TC1_Search@42dafa95]" name="TC1_GoogleSearch" duration-ms="42770" started-at="2020-03-21T23:11:46Z" data-provider="DataFromExcel" finished-at="2020-03-21T23:12:29Z">
          <params>
            <param index="0">
              <value>
                <![CDATA[selenium webdriver]]>
              </value>
            </param>
            <param index="1">
              <value>
                <![CDATA[https://the-internet.herokuapp.com/]]>
              </value>
            </param>
          </params>
          <reporter-output>
          </reporter-output>
        </test-method> <!-- TC1_GoogleSearch -->
        <test-method status="PASS" signature="TakeScreenShotWhenFailure(org.testng.ITestResult)[pri:0, instance:tests.TC1_Search@42dafa95]" name="TakeScreenShotWhenFailure" is-config="true" duration-ms="0" started-at="2020-03-21T23:12:29Z" finished-at="2020-03-21T23:12:29Z">
          <params>
            <param index="0">
              <value>
                <![CDATA[[TestResult name=TC1_GoogleSearch status=SUCCESS method=TC1_Search.TC1_GoogleSearch(java.lang.String, java.lang.String)[pri:0, instance:tests.TC1_Search@42dafa95] output={null}]]]>
              </value>
            </param>
          </params>
          <reporter-output>
          </reporter-output>
        </test-method> <!-- TakeScreenShotWhenFailure -->
        <test-method status="PASS" signature="EndDriver()[pri:0, instance:tests.TC1_Search@42dafa95]" name="EndDriver" is-config="true" duration-ms="2955" started-at="2020-03-21T23:12:33Z" finished-at="2020-03-21T23:12:36Z">
          <reporter-output>
          </reporter-output>
        </test-method> <!-- EndDriver -->
      </class> <!-- tests.TC1_Search -->
    </test> <!-- Test -->
  </suite> <!-- Suite -->
</testng-results>
