<?xml version="1.0" encoding="UTF-8"?>
<!-- Generated by org.testng.reporters.JUnitXMLReporter -->
<testsuite hostname="E0473750" name="Test" tests="8" failures="0" timestamp="21 Apr 2019 15:24:38 GMT" time="0.03" errors="0">
  <testcase name="@BeforeSuite StartDriver" time="0.0" classname="tests.ContactUsTest">
    <failure type="java.lang.NullPointerException">
      <![CDATA[java.lang.NullPointerException
	at tests.testbase.StartDriver(testbase.java:75)
... Removed 18 stack frames]]>
    </failure>
  </testcase> <!-- @BeforeSuite StartDriver -->
  <testcase name="@AfterMethod TakeScreenShotWhenFailure" time="0.0" classname="tests.ContactUsTest">
    <skipped/>
  </testcase> <!-- @AfterMethod TakeScreenShotWhenFailure -->
  <testcase name="@AfterMethod TakeScreenShotWhenFailure" time="0.0" classname="tests.SearchProduct">
    <skipped/>
  </testcase> <!-- @AfterMethod TakeScreenShotWhenFailure -->
  <testcase name="@AfterMethod TakeScreenShotWhenFailure" time="0.0" classname="tests.ChangeCurrency">
    <skipped/>
  </testcase> <!-- @AfterMethod TakeScreenShotWhenFailure -->
  <testcase name="@AfterMethod TakeScreenShotWhenFailure" time="0.0" classname="tests.OpenNotebooks">
    <skipped/>
  </testcase> <!-- @AfterMethod TakeScreenShotWhenFailure -->
  <testcase name="@AfterMethod TakeScreenShotWhenFailure" time="0.0" classname="tests.RegisterationTest">
    <skipped/>
  </testcase> <!-- @AfterMethod TakeScreenShotWhenFailure -->
  <testcase name="@AfterMethod TakeScreenShotWhenFailure" time="0.0" classname="tests.SendFriendEmailTest">
    <skipped/>
  </testcase> <!-- @AfterMethod TakeScreenShotWhenFailure -->
  <testcase name="@AfterMethod TakeScreenShotWhenFailure" time="0.0" classname="tests.AddingReviewTest">
    <skipped/>
  </testcase> <!-- @AfterMethod TakeScreenShotWhenFailure -->
  <testcase name="@AfterMethod TakeScreenShotWhenFailure" time="0.0" classname="tests.ChangePasswordTest">
    <skipped/>
  </testcase> <!-- @AfterMethod TakeScreenShotWhenFailure -->
  <testcase name="ContactUs" time="0.0" classname="tests.ContactUsTest">
    <skipped/>
  </testcase> <!-- ContactUs -->
  <testcase name="ProductSearch" time="0.0" classname="tests.SearchProduct">
    <skipped/>
  </testcase> <!-- ProductSearch -->
  <testcase name="ChangeProductCurrency" time="0.0" classname="tests.ChangeCurrency">
    <skipped/>
  </testcase> <!-- ChangeProductCurrency -->
  <testcase name="OpenNotebooksByHover" time="0.0" classname="tests.OpenNotebooks">
    <skipped/>
  </testcase> <!-- OpenNotebooksByHover -->
  <testcase name="UserCanRegister" time="0.0" classname="tests.RegisterationTest">
    <skipped/>
  </testcase> <!-- UserCanRegister -->
  <testcase name="SendFriendEmail" time="0.0" classname="tests.SendFriendEmailTest">
    <skipped/>
  </testcase> <!-- SendFriendEmail -->
  <testcase name="AddingReviewing" time="0.0" classname="tests.AddingReviewTest">
    <skipped/>
  </testcase> <!-- AddingReviewing -->
  <testcase name="ChangePassword" time="0.0" classname="tests.ChangePasswordTest">
    <skipped/>
  </testcase> <!-- ChangePassword -->
</testsuite> <!-- Test -->
